[   0.0s] ngram=2  units=1134  PHON_n=22680  CONTEXT_n=500
  Training instances after class-balanced cap (max_per_lang=100):
    de         61
    en-us     100
    fr-fr      49
    it         25
    la         86
[  10.4s] Training 10 rounds × 321 instances
  [ 874.7s] round 1/10
  [1903.2s] round 2/10
  [2825.8s] round 3/10
  [3741.3s] round 4/10
  [4592.0s] round 5/10
  [5434.0s] round 6/10
  [6306.8s] round 7/10
  [7158.3s] round 8/10
  [7997.4s] round 9/10
  [8854.3s] round 10/10

[8854.3s] === Probing 292 held-out lines ===

=== Held-out attribution (top-1 ∈ gold) ===
  Overall: 125/292 = 42.8%

  Per-language recall (top1 == L | L ∈ gold):
    de       1/40 = 2.5%
    en-us    109/191 = 57.1%
    fr-fr    1/28 = 3.6%
    it       0/15 = 0.0%
    la       14/40 = 35.0%

  Foreign-gold subset (101 lines): 16/101 = 15.8%

[8885.0s] Results: /Users/juliaquinn/finnegans-wake/projects/01-biological-language-organ/results/mlctx_ngram2_20260530-003720
