[   0.0s] ngram=1  num_units=42  PHON_n=840
[   1.4s] Training 20 rounds × 86 words
  [2377.5s] round 10/20
  [4717.5s] round 20/20

[4717.5s] === Recording trained-word anchor assemblies ===

[4778.1s] === Trained words ===
  (Da        (noun)  NOUN_in=2727927349248.0  VERB_in=1899629248512.0  N/V=   1.44
  C          (noun)  NOUN_in=1180904814711647226175032779603968.0  VERB_in=1558500018749440.0  N/V=757718832534387840.00
  Ca         (noun)  NOUN_in=1280343396976412327936.0  VERB_in=4061273522176.0  N/V=315256628.24
  Cave       (noun)  NOUN_in=1280343537713900683264.0  VERB_in=4048501604352.0  N/V=316251211.64
  D          (noun)  NOUN_in=39552210705435412398080.0  VERB_in=23939600351232.0  N/V=1652166708.10
  Do         (verb)  NOUN_in=859507392512.0  VERB_in=1887638519808.0  N/V=   0.46
  Dor        (noun)  NOUN_in=862895669248.0  VERB_in=1887644811264.0  N/V=   0.46
  L          (noun)  NOUN_in=635701312908087525376.0  VERB_in=88742748160.0  N/V=7163417023.80
  La         (noun)  NOUN_in=186881264584249835520.0  VERB_in=24053334016.0  N/V=7769453684.05
  T          (noun)  NOUN_in=39552210705435412398080.0  VERB_in=35238411501568.0  N/V=1122417527.35
  Touch      (verb)  NOUN_in=585600860160.0  VERB_in=13164745850880.0  N/V=   0.04
  ant        (noun)  NOUN_in=766242633809920.0  VERB_in=13188345102336.0  N/V=  58.10
  are        (verb)  NOUN_in=   1359.6  VERB_in=   5903.8  N/V=   0.23
  ask        (verb)  NOUN_in=1180904814711647226175032779603968.0  VERB_in=1541568586579968.0  N/V=766041047405832320.00
  ated       (verb)  NOUN_in=1103110602752.0  VERB_in=1887646777344.0  N/V=   0.58
  ave        (noun)  NOUN_in=2112134053888.0  VERB_in=12794961920.0  N/V= 165.08
  b          (noun)  NOUN_in=39552210705435412398080.0  VERB_in=22075739734016.0  N/V=1791659585.68
  be         (verb)  NOUN_in=39552210705435412398080.0  VERB_in=22075739734016.0  N/V=1791659585.68
  bel        (noun)  NOUN_in=635701242539343347712.0  VERB_in=88742748160.0  N/V=7163416230.85
  ca         (verb)  NOUN_in=1280343396976412327936.0  VERB_in=4061273522176.0  N/V=315256628.24
  ce         (noun)  NOUN_in=1180904814711647226175032779603968.0  VERB_in=1558500018749440.0  N/V=757718832534387840.00
  ch         (noun)  NOUN_in=1180904814711647226175032779603968.0  VERB_in=1558500018749440.0  N/V=757718832534387840.00
  co         (noun)  NOUN_in=1280343396976412327936.0  VERB_in=4048493740032.0  N/V=316251791.21
  core       (noun)  NOUN_in=1280343396976412327936.0  VERB_in=4048499769344.0  N/V=316251320.22
  de         (noun)  NOUN_in=859522269184.0  VERB_in=1887638519808.0  N/V=   0.46
  e          (noun)  NOUN_in=39552210705435412398080.0  VERB_in=22075739734016.0  N/V=1791659585.68
  e!         (noun)  NOUN_in=39552210705435412398080.0  VERB_in=22075739734016.0  N/V=1791659585.68
  eat        (verb)  NOUN_in=39552210705435412398080.0  VERB_in=35238411501568.0  N/V=1122417527.35
  ed         (noun)  NOUN_in=448820752011279466496.0  VERB_in=1974632841216.0  N/V=227293268.22
  els        (noun)  NOUN_in=635701312908087525376.0  VERB_in=88742756352.0  N/V=7163416362.53
  en         (noun)  NOUN_in=448820752011279466496.0  VERB_in=88304803840.0  N/V=5082631210.24
  encore     (verb)  NOUN_in=1280343537713900683264.0  VERB_in=4061279027200.0  N/V=315256235.57
  enfranchi  (noun)  NOUN_in=448821561251837509632.0  VERB_in=110597701632.0  N/V=4058145464.41
  ex         (noun)  NOUN_in=1180904814711647226175032779603968.0  VERB_in=1541618247139328.0  N/V=766016370721460224.00
  excel      (noun)  NOUN_in=1180904814711647226175032779603968.0  VERB_in=1541618918227968.0  N/V=766016037263639808.00
  f          (noun)  NOUN_in=448820752011279466496.0  VERB_in=86995222528.0  N/V=5159142524.95
  ga         (noun)  NOUN_in=1868432146432.0  VERB_in=12786777088.0  N/V= 146.12
  gap        (noun)  NOUN_in=809676094570496.0  VERB_in=125981966336.0  N/V=6426.92
  gape       (verb)  NOUN_in=44883033194496.0  VERB_in=103684431872.0  N/V= 432.88
  ger        (noun)  NOUN_in=  38931.3  VERB_in=   8435.8  N/V=   4.62
  gger       (noun)  NOUN_in=39552210705435412398080.0  VERB_in=22075739734016.0  N/V=1791659585.68
  go         (verb)  NOUN_in=67304344.0  VERB_in= 254070.3  N/V= 264.90
  ham        (noun)  NOUN_in=765037291503616.0  VERB_in=22305972224.0  N/V=34297.42
  ides       (noun)  NOUN_in=39552206201835785027584.0  VERB_in=23939600351232.0  N/V=1652166519.97
  is         (verb)  NOUN_in=1479966195712.0  VERB_in=355711936.0  N/V=4160.58
  ise        (noun)  NOUN_in=1215178.5  VERB_in=  11332.2  N/V= 107.23
  issi       (noun)  NOUN_in=1180904814711647226175032779603968.0  VERB_in=1537500447244288.0  N/V=768067948746435328.00
  issim      (noun)  NOUN_in=1180904814711647226175032779603968.0  VERB_in=1537500447244288.0  N/V=768067948746435328.00
  iv         (noun)  NOUN_in=4164032512.0  VERB_in=6932887.0  N/V= 600.62
  k          (noun)  NOUN_in=1280343396976412327936.0  VERB_in=4048501866496.0  N/V=316251156.40
  kes        (noun)  NOUN_in=1180904814711647226175032779603968.0  VERB_in=1541618247139328.0  N/V=766016370721460224.00
  kis        (noun)  NOUN_in=1180904814711647226175032779603968.0  VERB_in=1541547917049856.0  N/V=766051318710617088.00
  liar       (noun)  NOUN_in=186880490528063881216.0  VERB_in=1748009344.0  N/V=106910464277.28
  lin        (noun)  NOUN_in=186880508120249925632.0  VERB_in=3412597760.0  N/V=54761950063.59
  ls         (noun)  NOUN_in=1180904814711647226175032779603968.0  VERB_in=1537588225638400.0  N/V=768024101004897280.00
  moni       (noun)  NOUN_in=621092274176.0  VERB_in=1309746048.0  N/V= 474.21
  ob         (noun)  NOUN_in=1868482609152.0  VERB_in=12786673664.0  N/V= 146.13
  otter      (noun)  NOUN_in=1868432015360.0  VERB_in=12786689024.0  N/V= 146.12
  ou         (noun)  NOUN_in=3570201.5  VERB_in=  23287.7  N/V= 153.31
  pa         (noun)  NOUN_in=46507856232448.0  VERB_in=116461109248.0  N/V= 399.34
  paisi      (noun)  NOUN_in=1180904814711647226175032779603968.0  VERB_in=1537603929112576.0  N/V=768016257212091904.00
  pass       (verb)  NOUN_in=1180904814711647226175032779603968.0  VERB_in=1537626075037696.0  N/V=768005195725297792.00
  pe         (noun)  NOUN_in=39552210705435412398080.0  VERB_in=22179387277312.0  N/V=1783286896.56
  porca!     (noun)  NOUN_in=1280343537713900683264.0  VERB_in=4152170643456.0  N/V=308355230.95
  pour       (verb)  NOUN_in=44642821210112.0  VERB_in=103682482176.0  N/V= 430.57
  poursu     (noun)  NOUN_in=1180904892082899681511299960799232.0  VERB_in=1537603929112576.0  N/V=768016307531456256.00
  pre        (noun)  NOUN_in=39552210705435412398080.0  VERB_in=22179387277312.0  N/V=1783286896.56
  pretend    (verb)  NOUN_in=448820857564395732992.0  VERB_in=15244077301760.0  N/V=29442310.52
  qu         (noun)  NOUN_in=1280343396976412327936.0  VERB_in=4048493740032.0  N/V=316251791.21
  quo        (noun)  NOUN_in=1280343396976412327936.0  VERB_in=4048493215744.0  N/V=316251832.16
  ran        (verb)  NOUN_in=765657041862656.0  VERB_in=23614754816.0  N/V=32422.82
  s          (noun)  NOUN_in=1180904737340394770838765598408704.0  VERB_in=1537587151896576.0  N/V=768024587018548992.00
  sable      (noun)  NOUN_in=1180904814711647226175032779603968.0  VERB_in=1537500044591104.0  N/V=768068149894400256.00
  sal        (noun)  NOUN_in=1180904814711647226175032779603968.0  VERB_in=1537523935346688.0  N/V=768056215297468800.00
  salv       (noun)  NOUN_in=1180904892082899681511299960799232.0  VERB_in=1537523935346688.0  N/V=768056265619451136.00
  salve      (noun)  NOUN_in=1180904892082899681511299960799232.0  VERB_in=1537523935346688.0  N/V=768056265619451136.00
  sim        (noun)  NOUN_in=1180904814711647226175032779603968.0  VERB_in=1537500447244288.0  N/V=768067948746435328.00
  st         (noun)  NOUN_in=1180904892082899681511299960799232.0  VERB_in=1550665461530624.0  N/V=761547168863397120.00
  su         (noun)  NOUN_in=1180904737340394770838765598408704.0  VERB_in=1537500044591104.0  N/V=768068099571635968.00
  t          (noun)  NOUN_in=39552210705435412398080.0  VERB_in=35238411501568.0  N/V=1122417527.35
  tend       (verb)  NOUN_in=448820752011279466496.0  VERB_in=15140684562432.0  N/V=29643359.27
  tered      (verb)  NOUN_in=1445104451584.0  VERB_in=15052385026048.0  N/V=   0.10
  totter     (verb)  NOUN_in=2454030909440.0  VERB_in=13177513312256.0  N/V=   0.19
  twill      (noun)  NOUN_in=186880508120249925632.0  VERB_in=13166845100032.0  N/V=14193263.97
  ve         (verb)  NOUN_in=39552210705435412398080.0  VERB_in=22075739734016.0  N/V=1791659585.68
  will       (verb)  NOUN_in=186880508120249925632.0  VERB_in=2103693056.0  N/V=88834493980.59

[5023.2s] === Held-out probe words + activation profile ===
  passencore (HELDOUT)  NOUN_in=1180904814711647226175032779603968.0  VERB_in=1541644419596288.0  N/V=766003366081584512.00
    activates: kis(n):0.99, paisi(n):0.99, ex(n):0.98, excel(n):0.98, iv(n):0.98
  exaggerated (HELDOUT)  NOUN_in=448821561251837509632.0  VERB_in=1995907268608.0  N/V=224870948.82
    activates: enfranchi(n):0.99, iv(n):0.97, s(n):0.97, st(n):0.97, ex(n):0.96
  askes      (HELDOUT)  NOUN_in=1180904814711647226175032779603968.0  VERB_in=1541568586579968.0  N/V=766041047405832320.00
    activates: ask(v):1.0, kis(n):0.99, paisi(n):0.99, ex(n):0.98, excel(n):0.98
  poursuivant (HELDOUT)  NOUN_in=1180904737340394770838765598408704.0  VERB_in=1550763708907520.0  N/V=761498821875524096.00
    activates: s(n):1.0, st(n):1.0, ex(n):0.99, excel(n):0.99, iv(n):0.99
  stottered  (HELDOUT)  NOUN_in=1180904814711647226175032779603968.0  VERB_in=1552483306438656.0  N/V=760655402743494144.00
    activates: iv(n):0.98, paisi(n):0.98, s(n):0.98, sable(n):0.98, st(n):0.98
  Dobbelin   (HELDOUT)  NOUN_in=186880490528063881216.0  VERB_in=1900920045568.0  N/V=98310547.55
    activates: ls(n):0.99, sal(n):0.99, salv(n):0.99, salve(n):0.99, ex(n):0.98
  Agapemonides (HELDOUT)  NOUN_in=813268566278144.0  VERB_in=2016629620736.0  N/V= 403.28
    activates: iv(n):0.99, moni(n):0.98, s(n):0.98, st(n):0.98, enfranchi(n):0.97
  goliar's   (HELDOUT)  NOUN_in=186880490528063881216.0  VERB_in=1748236288.0  N/V=106896585896.78
    activates: L(n):0.94, bel(n):0.94, els(n):0.94, lin(n):0.94, issi(n):0.93
  porca      (HELDOUT)  NOUN_in=1280343537713900683264.0  VERB_in=4152170643456.0  N/V=308355230.95
    activates: porca!(n):1.0, Cave(n):0.96, k(n):0.96, core(n):0.94, Ca(n):0.92
  salve      (HELDOUT)  NOUN_in=1180904892082899681511299960799232.0  VERB_in=1537523935346688.0  N/V=768056265619451136.00
    activates: ls(n):1.0, sal(n):1.0, salv(n):1.0, salve(n):1.0, ex(n):0.99
  pretendant (HELDOUT)  NOUN_in=448820857564395732992.0  VERB_in=15244078350336.0  N/V=29442308.50
    activates: pretend(v):1.0, enfranchi(n):0.98, s(n):0.98, st(n):0.98, ex(n):0.97
  excelsissimost (HELDOUT)  NOUN_in=1180904814711647226175032779603968.0  VERB_in=1554185321447424.0  N/V=759822395962318080.00
    activates: ex(n):1.0, excel(n):1.0, kes(n):1.0, ls(n):0.99, s(n):0.99
  paisibly   (HELDOUT)  NOUN_in=186880543304622014464.0  VERB_in=105431654400.0  N/V=1772527846.29
    activates: lin(n):0.98, twill(n):0.98, ls(n):0.97, s(n):0.97, sal(n):0.97
  Lave       (HELDOUT)  NOUN_in=186880490528063881216.0  VERB_in=1756314496.0  N/V=106404912647.30
    activates: L(n):0.96, bel(n):0.96, els(n):0.96, lin(n):0.95, twill(n):0.95
  Cave       (HELDOUT)  NOUN_in=1280343537713900683264.0  VERB_in=4048501604352.0  N/V=316251211.64
    activates: Cave(n):1.0, k(n):1.0, porca!(n):0.96, Ca(n):0.93, core(n):0.93
  pourquose  (HELDOUT)  NOUN_in=1180904814711647226175032779603968.0  VERB_in=1541632742653952.0  N/V=766009168097127808.00
    activates: kis(n):1.0, paisi(n):0.98, ex(n):0.97, excel(n):0.97, iv(n):0.97
  Toucheaterre (HELDOUT)  NOUN_in=40001039444299156029440.0  VERB_in=35279989637120.0  N/V=1133816643.82
    activates: eat(v):0.92, C(n):0.91, ce(n):0.91, ch(n):0.91, ed(n):0.91
  Dor        (HELDOUT)  NOUN_in=862895669248.0  VERB_in=1887644811264.0  N/V=   0.46
    activates: Dor(n):1.0, de(n):0.89, iv(n):0.87, Do(v):0.86, moni(n):0.86
  Dare       (HELDOUT)  NOUN_in=859503853568.0  VERB_in=1887638519808.0  N/V=   0.46
    activates: Do(v):0.96, tered(v):0.87, ated(v):0.84, tend(v):0.84, Dor(n):0.79
  enfranchisable (HELDOUT)  NOUN_in=448821561251837509632.0  VERB_in=110597693440.0  N/V=4058145765.00
    activates: enfranchi(n):1.0, iv(n):0.97, s(n):0.97, st(n):0.97, ex(n):0.96
  reise      (HELDOUT)  NOUN_in=8828799.0  VERB_in= 293559.2  N/V=  30.08
    activates: iv(n):0.96, moni(n):0.95, s(n):0.95, st(n):0.95, ex(n):0.94
  kis        (HELDOUT)  NOUN_in=1180904814711647226175032779603968.0  VERB_in=1541547917049856.0  N/V=766051318710617088.00
    activates: kis(n):1.0, paisi(n):0.98, ex(n):0.97, excel(n):0.97, iv(n):0.97
  twilling   (HELDOUT)  NOUN_in=186880508120249925632.0  VERB_in=13166846148608.0  N/V=14193262.84
    activates: twill(n):1.0, lin(n):0.98, ls(n):0.97, s(n):0.97, sal(n):0.97
  hamissim   (HELDOUT)  NOUN_in=1180904814711647226175032779603968.0  VERB_in=1537522727387136.0  N/V=768056818723242752.00
    activates: s(n):1.0, st(n):1.0, ex(n):0.99, excel(n):0.99, iv(n):0.99

[5065.8s] Results written to: /Users/juliaquinn/finnegans-wake/projects/01-biological-language-organ/results/ngram1_phon_20260529-170445
